#
# A fatal error has been detected by the Java Runtime Environment:
#
#  EXCEPTION_ACCESS_VIOLATION (0xc0000005) at pc=0x6d0e4856, pid=3552, tid=392
#
# JRE version: 6.0_22-b04
# Java VM: Java HotSpot(TM) Client VM (17.1-b03 mixed mode windows-x86 )
# Problematic frame:
# C  [awt.dll+0x34856]
#
# If you would like to submit a bug report, please visit:
#   http://java.sun.com/webapps/bugreport/crash.jsp
# The crash happened outside the Java Virtual Machine in native code.
# See problematic frame for where to report the bug.
#

---------------  T H R E A D  ---------------

Current thread (0x0d8bd800):  JavaThread "AWT-Windows" daemon [_thread_in_native, id=392, stack(0x0dba0000,0x0dbf0000)]

siginfo: ExceptionCode=0xc0000005, writing address 0xe3ffa040

Registers:
EAX=0x00000000, EBX=0x0000000d, ECX=0xffcac8bb, EDX=0xffffffff
ESP=0x0dbef214, EBP=0x0dbef2f4, ESI=0xe3ffa040, EDI=0x02db23c4
EIP=0x6d0e4856, EFLAGS=0x00010246

Top of Stack: (sp=0x0dbef214)
0x0dbef214:   0dbef270 0000000d 0dbef2f4 0000000d
0x0dbef224:   6d15b480 ffcac8bb 00000000 0000000d
0x0dbef234:   0000000d 000003cc 0dbef270 00000000
0x0dbef244:   00000000 0000000d 0dd7c850 00000100
0x0dbef254:   0017b4c0 00000400 e3ffa040 00000000
0x0dbef264:   00000000 0000000d 0000000d 00000000
0x0dbef274:   00000000 0000000d 0000000d 00000000
0x0dbef284:   00000000 00000004 00000400 00000000 

Instructions: (pc=0x6d0e4856)
0x6d0e4846:   8b d1 c1 fa 18 8d 42 01 85 c0 89 4c 24 14 75 04
0x6d0e4856:   89 0e eb 42 0f b6 6c 24 16 81 e2 ff 00 00 00 8b 


Stack: [0x0dba0000,0x0dbf0000],  sp=0x0dbef214,  free space=13c0dbeed48k
Native frames: (J=compiled Java code, j=interpreted, Vv=VM code, C=native code)
C  [awt.dll+0x34856]
C  [awt.dll+0xabe36]
C  [awt.dll+0xac506]
C  [awt.dll+0xb34fe]
C  [awt.dll+0x9c74c]
C  [USER32.dll+0x8734]
C  [USER32.dll+0x8816]
C  [USER32.dll+0x18ea0]
C  [USER32.dll+0x18eec]
C  [ntdll.dll+0xe473]
C  [USER32.dll+0x9402]

Java frames: (J=compiled Java code, j=interpreted, Vv=VM code)
j  sun.awt.windows.WToolkit.eventLoop()V+0
j  sun.awt.windows.WToolkit.run()V+52
j  java.lang.Thread.run()V+11
v  ~StubRoutines::call_stub

---------------  P R O C E S S  ---------------

Java Threads: ( => current thread )
  0x129ce800 JavaThread "Thread-596" [_thread_in_native, id=212, stack(0x147f0000,0x14840000)]
  0x12a11400 JavaThread "Thread-595" [_thread_in_native, id=1908, stack(0x147a0000,0x147f0000)]
  0x0ff52c00 JavaThread "Image Fetcher 0" daemon [_thread_blocked, id=3952, stack(0x14750000,0x147a0000)]
  0x0fd91c00 JavaThread "RMI TCP Connection(52)-127.0.0.1" daemon [_thread_in_native, id=2588, stack(0x0dc30000,0x0dc80000)]
  0x0e154800 JavaThread "Java Sound Event Dispatcher" daemon [_thread_blocked, id=1104, stack(0x0f5e0000,0x0f630000)]
  0x0da0c800 JavaThread "TimerQueue" daemon [_thread_blocked, id=1540, stack(0x0e210000,0x0e260000)]
  0x0da0e400 JavaThread "D3D Screen Updater" daemon [_thread_blocked, id=1416, stack(0x0e6d0000,0x0e720000)]
  0x0de0f400 JavaThread "main" [_thread_blocked, id=3628, stack(0x0e450000,0x0e4a0000)]
  0x0dddc000 JavaThread "SimulationThread" [_thread_in_Java, id=2784, stack(0x0e4a0000,0x0e4f0000)]
  0x0dd80400 JavaThread "AWT-EventQueue-0" [_thread_in_native, id=864, stack(0x0e400000,0x0e450000)]
  0x0dd73400 JavaThread "AWT-Shutdown" [_thread_blocked, id=2884, stack(0x0e260000,0x0e2b0000)]
  0x0dd78c00 JavaThread "RMI Reaper" [_thread_blocked, id=2224, stack(0x0e1c0000,0x0e210000)]
  0x0dd83400 JavaThread "RMI TCP Accept-0" daemon [_thread_in_native, id=3388, stack(0x0e170000,0x0e1c0000)]
  0x0da3bc00 JavaThread "GC Daemon" daemon [_thread_blocked, id=4052, stack(0x0dd20000,0x0dd70000)]
  0x0da3b000 JavaThread "RMI RenewClean-[127.0.0.1:1660]" daemon [_thread_blocked, id=528, stack(0x0dcd0000,0x0dd20000)]
  0x0da2f400 JavaThread "RMI Scheduler(0)" daemon [_thread_blocked, id=2472, stack(0x0db50000,0x0dba0000)]
  0x002b7000 JavaThread "DestroyJavaVM" [_thread_blocked, id=1128, stack(0x008c0000,0x00910000)]
  0x0d8c2000 JavaThread "BlueJ worker thread" [_thread_blocked, id=3452, stack(0x0dc80000,0x0dcd0000)]
=>0x0d8bd800 JavaThread "AWT-Windows" daemon [_thread_in_native, id=392, stack(0x0dba0000,0x0dbf0000)]
  0x0d8ba800 JavaThread "Java2D Disposer" daemon [_thread_blocked, id=2680, stack(0x0db00000,0x0db50000)]
  0x0cae2400 JavaThread "Low Memory Detector" daemon [_thread_blocked, id=2500, stack(0x0d7d0000,0x0d820000)]
  0x0cad7000 JavaThread "CompilerThread0" daemon [_thread_blocked, id=1492, stack(0x0d780000,0x0d7d0000)]
  0x0cacb000 JavaThread "JDWP Command Reader" daemon [_thread_in_native, id=3212, stack(0x0d730000,0x0d780000)]
  0x0cac9800 JavaThread "JDWP Event Helper Thread" daemon [_thread_blocked, id=2132, stack(0x0d6e0000,0x0d730000)]
  0x0cac7000 JavaThread "JDWP Transport Listener: dt_socket" daemon [_thread_blocked, id=1960, stack(0x0d690000,0x0d6e0000)]
  0x0cabbc00 JavaThread "Attach Listener" daemon [_thread_blocked, id=3888, stack(0x0d5f0000,0x0d640000)]
  0x0caba800 JavaThread "Signal Dispatcher" daemon [_thread_blocked, id=544, stack(0x0d5a0000,0x0d5f0000)]
  0x0cab9000 JavaThread "Surrogate Locker Thread (CMS)" daemon [_thread_blocked, id=1944, stack(0x0d550000,0x0d5a0000)]
  0x0caaa400 JavaThread "Finalizer" daemon [_thread_blocked, id=3396, stack(0x0d500000,0x0d550000)]
  0x0caa5800 JavaThread "Reference Handler" daemon [_thread_blocked, id=3260, stack(0x0d4b0000,0x0d500000)]

Other Threads:
  0x0caa3000 VMThread [stack: 0x0d460000,0x0d4b0000] [id=3168]
  0x0cae4400 WatcherThread [stack: 0x0d820000,0x0d870000] [id=3600]

VM state:not at safepoint (normal execution)

VM Mutex/Monitor currently owned by a thread: None

Heap
 def new generation   total 14784K, used 7085K [0x02990000, 0x03990000, 0x03990000)
  eden space 13184K,  53% used [0x02990000, 0x0307b7d0, 0x03670000)
  from space 1600K,   0% used [0x03670000, 0x03670000, 0x03800000)
  to   space 1600K,   0% used [0x03800000, 0x03800000, 0x03990000)
 concurrent mark-sweep generation total 81920K, used 73814K [0x03990000, 0x08990000, 0x08990000)
 concurrent-mark-sweep perm gen total 25992K, used 15630K [0x08990000, 0x0a2f2000, 0x0c990000)

Dynamic libraries:
0x00400000 - 0x00424000 	C:\Programme\Java\jdk1.6.0_22\jre\bin\java.exe
0x7c910000 - 0x7c9c9000 	C:\WINDOWS\system32\ntdll.dll
0x7c800000 - 0x7c908000 	C:\WINDOWS\system32\kernel32.dll
0x77da0000 - 0x77e4a000 	C:\WINDOWS\system32\ADVAPI32.dll
0x77e50000 - 0x77ee3000 	C:\WINDOWS\system32\RPCRT4.dll
0x77fc0000 - 0x77fd1000 	C:\WINDOWS\system32\Secur32.dll
0x7c340000 - 0x7c396000 	C:\Programme\Java\jdk1.6.0_22\jre\bin\msvcr71.dll
0x6d8a0000 - 0x6db47000 	C:\Programme\Java\jdk1.6.0_22\jre\bin\client\jvm.dll
0x7e360000 - 0x7e3f1000 	C:\WINDOWS\system32\USER32.dll
0x77ef0000 - 0x77f39000 	C:\WINDOWS\system32\GDI32.dll
0x76af0000 - 0x76b1e000 	C:\WINDOWS\system32\WINMM.dll
0x76330000 - 0x7634d000 	C:\WINDOWS\system32\IMM32.DLL
0x6d850000 - 0x6d85c000 	C:\Programme\Java\jdk1.6.0_22\jre\bin\verify.dll
0x6d3d0000 - 0x6d3ef000 	C:\Programme\Java\jdk1.6.0_22\jre\bin\java.dll
0x6d330000 - 0x6d338000 	C:\Programme\Java\jdk1.6.0_22\jre\bin\hpi.dll
0x76bb0000 - 0x76bbb000 	C:\WINDOWS\system32\PSAPI.DLL
0x6d420000 - 0x6d449000 	C:\Programme\Java\jdk1.6.0_22\jre\bin\jdwp.dll
0x6d740000 - 0x6d746000 	C:\Programme\Java\jdk1.6.0_22\jre\bin\npt.dll
0x6d890000 - 0x6d89f000 	C:\Programme\Java\jdk1.6.0_22\jre\bin\zip.dll
0x6d2b0000 - 0x6d2b7000 	C:\Programme\Java\jdk1.6.0_22\jre\bin\dt_socket.dll
0x71a10000 - 0x71a27000 	C:\WINDOWS\system32\WS2_32.dll
0x77be0000 - 0x77c38000 	C:\WINDOWS\system32\msvcrt.dll
0x71a00000 - 0x71a08000 	C:\WINDOWS\system32\WS2HELP.dll
0x719b0000 - 0x719f0000 	C:\WINDOWS\System32\mswsock.dll
0x76ee0000 - 0x76f07000 	C:\WINDOWS\system32\DNSAPI.dll
0x76d20000 - 0x76d39000 	C:\WINDOWS\system32\iphlpapi.dll
0x76f70000 - 0x76f78000 	C:\WINDOWS\System32\winrnr.dll
0x76f20000 - 0x76f4d000 	C:\WINDOWS\system32\WLDAP32.dll
0x64000000 - 0x64025000 	C:\Programme\Bonjour\mdnsNSP.dll
0x76f80000 - 0x76f86000 	C:\WINDOWS\system32\rasadhlp.dll
0x66710000 - 0x66769000 	C:\WINDOWS\system32\hnetcfg.dll
0x719f0000 - 0x719f8000 	C:\WINDOWS\System32\wshtcpip.dll
0x6d0b0000 - 0x6d1fa000 	C:\Programme\Java\jdk1.6.0_22\jre\bin\awt.dll
0x72f70000 - 0x72f96000 	C:\WINDOWS\system32\WINSPOOL.DRV
0x774b0000 - 0x775ee000 	C:\WINDOWS\system32\ole32.dll
0x773a0000 - 0x774a3000 	C:\WINDOWS\WinSxS\x86_Microsoft.Windows.Common-Controls_6595b64144ccf1df_6.0.2600.6028_x-ww_61e65202\COMCTL32.dll
0x77f40000 - 0x77fb6000 	C:\WINDOWS\system32\SHLWAPI.dll
0x5b0f0000 - 0x5b128000 	C:\WINDOWS\system32\uxtheme.dll
0x746a0000 - 0x746ec000 	C:\WINDOWS\system32\MSCTF.dll
0x75250000 - 0x7527e000 	C:\WINDOWS\system32\msctfime.ime
0x68000000 - 0x68036000 	C:\WINDOWS\system32\rsaenh.dll
0x76620000 - 0x766d6000 	C:\WINDOWS\system32\USERENV.dll
0x597d0000 - 0x59825000 	C:\WINDOWS\system32\netapi32.dll
0x6d6b0000 - 0x6d6c3000 	C:\Programme\Java\jdk1.6.0_22\jre\bin\net.dll
0x6d7a0000 - 0x6d7a6000 	C:\Programme\Java\jdk1.6.0_22\jre\bin\rmi.dll
0x7e670000 - 0x7ee91000 	C:\WINDOWS\system32\shell32.dll
0x6d2e0000 - 0x6d32f000 	C:\Programme\Java\jdk1.6.0_22\jre\bin\fontmanager.dll
0x4fd50000 - 0x4fef6000 	C:\WINDOWS\system32\d3d9.dll
0x6de80000 - 0x6de86000 	C:\WINDOWS\system32\d3d8thk.dll
0x77bd0000 - 0x77bd8000 	C:\WINDOWS\system32\VERSION.dll
0x6d6d0000 - 0x6d6d9000 	C:\Programme\Java\jdk1.6.0_22\jre\bin\nio.dll
0x770f0000 - 0x7717b000 	C:\WINDOWS\system32\OLEAUT32.DLL
0x6d600000 - 0x6d609000 	C:\Programme\Java\jdk1.6.0_22\jre\bin\management.dll
0x77b10000 - 0x77b32000 	C:\WINDOWS\system32\Apphelp.dll
0x6d5c0000 - 0x6d5e4000 	C:\Programme\Java\jdk1.6.0_22\jre\bin\jsound.dll
0x6d5f0000 - 0x6d5f8000 	C:\Programme\Java\jdk1.6.0_22\jre\bin\jsoundds.dll
0x73e70000 - 0x73ecc000 	C:\WINDOWS\system32\DSOUND.dll
0x72c90000 - 0x72c99000 	C:\WINDOWS\system32\wdmaud.drv
0x76bf0000 - 0x76c1e000 	C:\WINDOWS\system32\WINTRUST.dll
0x77a50000 - 0x77ae6000 	C:\WINDOWS\system32\CRYPT32.dll
0x77af0000 - 0x77b02000 	C:\WINDOWS\system32\MSASN1.dll
0x76c50000 - 0x76c78000 	C:\WINDOWS\system32\IMAGEHLP.dll
0x72c80000 - 0x72c88000 	C:\WINDOWS\system32\msacm32.drv
0x77bb0000 - 0x77bc5000 	C:\WINDOWS\system32\MSACM32.dll
0x77ba0000 - 0x77ba7000 	C:\WINDOWS\system32\midimap.dll
0x73e40000 - 0x73e44000 	C:\WINDOWS\system32\KsUser.dll
0x6d610000 - 0x6d6a3000 	C:\Programme\Java\jdk1.6.0_22\jre\bin\mlib_image.dll

VM Arguments:
jvm_args: -Xincgc -Dapple.awt.graphics.UseQuartz=true -Xdebug -Xnoagent -Xrunjdwp:transport=dt_socket,address=localhost:1664 
java_command: bluej.runtime.ExecServer UTF-8
Launcher Type: SUN_STANDARD

Environment Variables:
CLASSPATH=.;C:\Programme\Java\jre6\lib\ext\QTJava.zip
PATH=C:\Programme\Gemeinsame Dateien\ArcSoft\Bin;C:\Programme\PC Connectivity Solution\;C:\WINDOWS\system32;C:\WINDOWS;C:\WINDOWS\System32\Wbem;C:\WINDOWS\system32\WindowsPowerShell\v1.0;C:\Programme\Microsoft SQL Server\80\Tools\Binn\;C:\Programme\QuickTime\QTSystem\
USERNAME=Harland
OS=Windows_NT
PROCESSOR_IDENTIFIER=x86 Family 6 Model 13 Stepping 8, GenuineIntel



---------------  S Y S T E M  ---------------

OS: Windows XP Build 2600 Service Pack 3

CPU:total 1 (1 cores per cpu, 1 threads per core) family 6 model 13 stepping 8, cmov, cx8, fxsr, mmx, sse, sse2

Memory: 4k page, physical 1046960k(60964k free), swap 2517908k(1177836k free)

vm_info: Java HotSpot(TM) Client VM (17.1-b03) for windows-x86 JRE (1.6.0_22-b04), built on Sep 15 2010 00:56:36 by "java_re" with MS VC++ 7.1 (VS2003)

time: Fri Jul 15 11:11:15 2011
elapsed time: 3834 seconds

